#
# A fatal error has been detected by the Java Runtime Environment:
#
#  SIGSEGV (0xb) at pc=0x00007ffb40e9707e, pid=9597, tid=0x00007ffb3ed9e700
#
# JRE version: OpenJDK Runtime Environment (8.0_144-b01) (build 1.8.0_144-b01)
# Java VM: OpenJDK 64-Bit Server VM (25.144-b01 mixed mode linux-amd64 compressed oops)
# Problematic frame:
# V  [libjvm.so+0x62107e]
#
# Core dump written. Default location: /home/facundo/Documentos/Trabajos/SeDiCi/Entornos/Workspaces/dspace7/dspace-spring-rest/core or core.9597
#
# If you would like to submit a bug report, please visit:
#   http://bugreport.java.com/bugreport/crash.jsp
#

---------------  T H R E A D  ---------------

Current thread (0x00007ffb38023000):  GCTaskThread [stack: 0x00007ffb3ec9e000,0x00007ffb3ed9f000] [id=9622]

siginfo: si_signo: 11 (SIGSEGV), si_code: 128 (SI_KERNEL), si_addr: 0x0000000000000000

Registers:
RAX=0x00007ffb3dc9e000, RBX=0x0000000000000020, RCX=0x0000000000000004, RDX=0x007fffffff900000
RSP=0x00007ffb3ed9db90, RBP=0x00007ffb3ed9dbf0, RSI=0x0000000000000010, RDI=0x00000000000000be
R8 =0x00007ffb41796300, R9 =0x0000000000000006, R10=0x0000000000000001, R11=0x0040000000000000
R12=0x0000000100133290, R13=0x00000000e034230c, R14=0x00007ffb38072e80, R15=0x00000000e0342320
RIP=0x00007ffb40e9707e, EFLAGS=0x0000000000010202, CSGSFS=0x002b000000000033, ERR=0x0000000000000000
  TRAPNO=0x000000000000000d

Top of Stack: (sp=0x00007ffb3ed9db90)
0x00007ffb3ed9db90:   00000000e1f50830 00007ffb38072ec0
0x00007ffb3ed9dba0:   00000000e03422e8 0000000100133298
0x00007ffb3ed9dbb0:   00007ffb41796300 0000000000000003
0x00007ffb3ed9dbc0:   00007ffb38072e80 00007ffb4179260c
0x00007ffb3ed9dbd0:   00007ffb3ed9dd58 0000000000000000
0x00007ffb3ed9dbe0:   00007ffb3ed9dd54 00007ffb38072e80
0x00007ffb3ed9dbf0:   00007ffb3ed9dce0 00007ffb4118abe2
0x00007ffb3ed9dc00:   00007ffb390cf460 00007ffb3ed9dc80
0x00007ffb3ed9dc10:   00000000e1f50830 00000000000006d2
0x00007ffb3ed9dc20:   00007ffb38072f10 00000000000006d2
0x00007ffb3ed9dc30:   00007ffb38072e90 00007ffb4178c9e9
0x00007ffb3ed9dc40:   00000000e10cd180 00000000e03422e8
0x00007ffb3ed9dc50:   00000000e1f50830 0000000000000600
0x00007ffb3ed9dc60:   00000000e03378c0 0000000100033c50
0x00007ffb3ed9dc70:   00007ffb3ed9dce0 00007ffb40e970db
0x00007ffb3ed9dc80:   00007ffb3ed9dd54 00007ffb38072ec0
0x00007ffb3ed9dc90:   00000000e03377a0 0000000100033c58
0x00007ffb3ed9dca0:   00007ffb41796300 4b04cdc43b4ccc00
0x00007ffb3ed9dcb0:   00007ffb38072e80 00007ffb38072e80
0x00007ffb3ed9dcc0:   00007ffb3ed9dd58 0000000000000000
0x00007ffb3ed9dcd0:   00007ffb3ed9dd54 0000000000000003
0x00007ffb3ed9dce0:   00007ffb3ed9ddf0 00007ffb4116f564
0x00007ffb3ed9dcf0:   00007ffb4179260c 00007ffb3ed9dd54
0x00007ffb3ed9dd00:   000000033ed9dd50 00000000000025ee
0x00007ffb3ed9dd10:   0000000000000006 00007ffb3ed9dd90
0x00007ffb3ed9dd20:   0000000000002000 00007ffb4178c9e9
0x00007ffb3ed9dd30:   00007ffb3ed9dd60 00000000ff765db8
0x00007ffb3ed9dd40:   00007ffb0090af50 00007ffb38072e80
0x00007ffb3ed9dd50:   7fe05bc93ed9ddb0 00000000e03377a0
0x00007ffb3ed9dd60:   00000000ff765db8 00007ffb00001e00
0x00007ffb3ed9dd70:   00000000ff765db8 00007ffb00002000
0x00007ffb3ed9dd80:   0000000000000003 00007ffb3801d1c0 

Instructions: (pc=0x00007ffb40e9707e)
0x00007ffb40e9705e:   48 89 c8 8b 0a 48 c1 e8 03 48 d3 e8 48 89 c1 48
0x00007ffb40e9706e:   89 c2 49 8b 40 30 83 e1 3f 48 c1 ea 06 48 d3 e6
0x00007ffb40e9707e:   48 85 34 d0 75 9c 48 8d 05 5e 59 8f 00 80 38 00
0x00007ffb40e9708e:   0f 85 ec 00 00 00 48 8b 73 08 48 89 df 4c 89 45 

Register to memory mapping:

RAX=0x00007ffb3dc9e000 is an unknown value
RBX=0x0000000000000020 is an unknown value
RCX=0x0000000000000004 is an unknown value
RDX=0x007fffffff900000 is an unknown value
RSP=0x00007ffb3ed9db90 is an unknown value
RBP=0x00007ffb3ed9dbf0 is an unknown value
RSI=0x0000000000000010 is an unknown value
RDI=0x00000000000000be is an unknown value
R8 =0x00007ffb41796300: <offset 0xf20300> in /usr/lib/jvm/java-8-openjdk/jre/lib/amd64/server/libjvm.so at 0x00007ffb40876000
R9 =0x0000000000000006 is an unknown value
R10=0x0000000000000001 is an unknown value
R11=0x0040000000000000 is an unknown value
R12=0x0000000100133290 is pointing into metadata
R13=0x00000000e034230c is pointing into object: 0x00000000e03422e8
org.apache.maven.model.Dependency 
 - klass: 'org/apache/maven/model/Dependency'
R14=0x00007ffb38072e80 is an unknown value
R15=0x00000000e0342320 is an oop
java.lang.String 
 - klass: 'java/lang/String'


Stack: [0x00007ffb3ec9e000,0x00007ffb3ed9f000],  sp=0x00007ffb3ed9db90,  free space=1022k
Native frames: (J=compiled Java code, j=interpreted, Vv=VM code, C=native code)
V  [libjvm.so+0x62107e]
V  [libjvm.so+0x914be2]
V  [libjvm.so+0x8f9564]
V  [libjvm.so+0x5a4ee2]
V  [libjvm.so+0x8b4c52]


---------------  P R O C E S S  ---------------

Java Threads: ( => current thread )
  0x00007ffb380be800 JavaThread "Service Thread" daemon [_thread_blocked, id=9630, stack(0x00007ffb28617000,0x00007ffb28718000)]
  0x00007ffb380bb000 JavaThread "C1 CompilerThread2" daemon [_thread_blocked, id=9629, stack(0x00007ffb28718000,0x00007ffb28819000)]
  0x00007ffb380b9800 JavaThread "C2 CompilerThread1" daemon [_thread_blocked, id=9628, stack(0x00007ffb28819000,0x00007ffb2891a000)]
  0x00007ffb380b6800 JavaThread "C2 CompilerThread0" daemon [_thread_blocked, id=9627, stack(0x00007ffb2891a000,0x00007ffb28a1b000)]
  0x00007ffb380b5000 JavaThread "Signal Dispatcher" daemon [_thread_blocked, id=9626, stack(0x00007ffb28a1b000,0x00007ffb28b1c000)]
  0x00007ffb38082000 JavaThread "Finalizer" daemon [_thread_blocked, id=9625, stack(0x00007ffb28cfd000,0x00007ffb28dfe000)]
  0x00007ffb3807d800 JavaThread "Reference Handler" daemon [_thread_blocked, id=9624, stack(0x00007ffb28dfe000,0x00007ffb28eff000)]
  0x00007ffb38008000 JavaThread "main" [_thread_blocked, id=9618, stack(0x00007ffb42476000,0x00007ffb42577000)]

Other Threads:
  0x00007ffb38076000 VMThread [stack: 0x00007ffb28eff000,0x00007ffb29000000] [id=9623]
  0x00007ffb380c0800 WatcherThread [stack: 0x00007ffb28516000,0x00007ffb28617000] [id=9631]

=>0x00007ffb38023000 (exited) GCTaskThread [stack: 0x00007ffb3ec9e000,0x00007ffb3ed9f000] [id=9622]

VM state:at safepoint (normal execution)

VM Mutex/Monitor currently owned by a thread:  ([mutex/lock_event])
[0x00007ffb38006340] Threads_lock - owner thread: 0x00007ffb38076000
[0x00007ffb38006840] Heap_lock - owner thread: 0x00007ffb38008000

Heap:
 PSYoungGen      total 136704K, used 15330K [0x00000000f5580000, 0x0000000100000000, 0x0000000100000000)
  eden space 121344K, 0% used [0x00000000f5580000,0x00000000f5580000,0x00000000fcc00000)
  from space 15360K, 99% used [0x00000000ff100000,0x00000000ffff8930,0x0000000100000000)
  to   space 26624K, 0% used [0x00000000fcc00000,0x00000000fcc00000,0x00000000fe600000)
 ParOldGen       total 97792K, used 42435K [0x00000000e0000000, 0x00000000e5f80000, 0x00000000f5580000)
  object space 97792K, 43% used [0x00000000e0000000,0x00000000e2970d60,0x00000000e5f80000)
 Metaspace       used 28611K, capacity 29376K, committed 29696K, reserved 1075200K
  class space    used 3269K, capacity 3518K, committed 3584K, reserved 1048576K

Card table byte_map: [0x00007ffb3f0a2000,0x00007ffb3f1a3000] byte_map_base: 0x00007ffb3e9a2000

Marking Bits: (ParMarkBitMap*) 0x00007ffb41796300
 Begin Bits: [0x00007ffb3dc9e000, 0x00007ffb3e49e000)
 End Bits:   [0x00007ffb3e49e000, 0x00007ffb3ec9e000)

Polling page: 0x00007ffb425bd000

CodeCache: size=245760Kb used=17774Kb max_used=18466Kb free=227985Kb
 bounds [0x00007ffb29000000, 0x00007ffb2a230000, 0x00007ffb38000000]
 total_blobs=5847 nmethods=5447 adapters=313
 compilation: enabled

Compilation events (10 events):
Event: 20,440 Thread 0x00007ffb380bb000 nmethod 6301 0x00007ffb29242150 code [0x00007ffb29242380, 0x00007ffb29242d68]
Event: 20,442 Thread 0x00007ffb380bb000 6302       3       sun.nio.cs.StreamEncoder::implWrite (156 bytes)
Event: 20,444 Thread 0x00007ffb380bb000 nmethod 6302 0x00007ffb2913d890 code [0x00007ffb2913db00, 0x00007ffb2913e988]
Event: 21,001 Thread 0x00007ffb380bb000 6303       3       java.util.Calendar::internalGet (7 bytes)
Event: 21,002 Thread 0x00007ffb380bb000 nmethod 6303 0x00007ffb29212410 code [0x00007ffb29212580, 0x00007ffb292126f0]
Event: 21,004 Thread 0x00007ffb380bb000 6304       3       java.io.OutputStreamWriter::write (11 bytes)
Event: 21,004 Thread 0x00007ffb380bb000 nmethod 6304 0x00007ffb2911ebd0 code [0x00007ffb2911ed40, 0x00007ffb2911eee8]
Event: 21,006 Thread 0x00007ffb380bb000 6305  s    1       java.lang.StringBuffer::length (5 bytes)
Event: 21,006 Thread 0x00007ffb380bb000 nmethod 6305 0x00007ffb292d0050 code [0x00007ffb292d01a0, 0x00007ffb292d0410]
Event: 21,008 Thread 0x00007ffb380bb000 6306  s    3       java.io.BufferedOutputStream::write (67 bytes)

GC Heap History (10 events):
Event: 4,752 GC heap after
Heap after GC invocations=5 (full 0):
 PSYoungGen      total 104960K, used 7648K [0x00000000f5580000, 0x0000000100000000, 0x0000000100000000)
  eden space 97280K, 0% used [0x00000000f5580000,0x00000000f5580000,0x00000000fb480000)
  from space 7680K, 99% used [0x00000000fb480000,0x00000000fbbf8020,0x00000000fbc00000)
  to   space 15360K, 0% used [0x00000000ff100000,0x00000000ff100000,0x0000000100000000)
 ParOldGen       total 128512K, used 15401K [0x00000000e0000000, 0x00000000e7d80000, 0x00000000f5580000)
  object space 128512K, 11% used [0x00000000e0000000,0x00000000e0f0a418,0x00000000e7d80000)
 Metaspace       used 17163K, capacity 17654K, committed 17792K, reserved 1064960K
  class space    used 2004K, capacity 2147K, committed 2176K, reserved 1048576K
}
Event: 5,257 GC heap before
{Heap before GC invocations=6 (full 0):
 PSYoungGen      total 104960K, used 45599K [0x00000000f5580000, 0x0000000100000000, 0x0000000100000000)
  eden space 97280K, 39% used [0x00000000f5580000,0x00000000f7a8fd88,0x00000000fb480000)
  from space 7680K, 99% used [0x00000000fb480000,0x00000000fbbf8020,0x00000000fbc00000)
  to   space 15360K, 0% used [0x00000000ff100000,0x00000000ff100000,0x0000000100000000)
 ParOldGen       total 128512K, used 15401K [0x00000000e0000000, 0x00000000e7d80000, 0x00000000f5580000)
  object space 128512K, 11% used [0x00000000e0000000,0x00000000e0f0a418,0x00000000e7d80000)
 Metaspace       used 20551K, capacity 21114K, committed 21296K, reserved 1069056K
  class space    used 2447K, capacity 2579K, committed 2688K, reserved 1048576K
Event: 5,287 GC heap after
Heap after GC invocations=6 (full 0):
 PSYoungGen      total 159744K, used 10021K [0x00000000f5580000, 0x0000000100000000, 0x0000000100000000)
  eden space 144384K, 0% used [0x00000000f5580000,0x00000000f5580000,0x00000000fe280000)
  from space 15360K, 65% used [0x00000000ff100000,0x00000000ffac96e8,0x0000000100000000)
  to   space 14848K, 0% used [0x00000000fe280000,0x00000000fe280000,0x00000000ff100000)
 ParOldGen       total 128512K, used 15401K [0x00000000e0000000, 0x00000000e7d80000, 0x00000000f5580000)
  object space 128512K, 11% used [0x00000000e0000000,0x00000000e0f0a418,0x00000000e7d80000)
 Metaspace       used 20551K, capacity 21114K, committed 21296K, reserved 1069056K
  class space    used 2447K, capacity 2579K, committed 2688K, reserved 1048576K
}
Event: 5,287 GC heap before
{Heap before GC invocations=7 (full 1):
 PSYoungGen      total 159744K, used 10021K [0x00000000f5580000, 0x0000000100000000, 0x0000000100000000)
  eden space 144384K, 0% used [0x00000000f5580000,0x00000000f5580000,0x00000000fe280000)
  from space 15360K, 65% used [0x00000000ff100000,0x00000000ffac96e8,0x0000000100000000)
  to   space 14848K, 0% used [0x00000000fe280000,0x00000000fe280000,0x00000000ff100000)
 ParOldGen       total 128512K, used 15401K [0x00000000e0000000, 0x00000000e7d80000, 0x00000000f5580000)
  object space 128512K, 11% used [0x00000000e0000000,0x00000000e0f0a418,0x00000000e7d80000)
 Metaspace       used 20551K, capacity 21114K, committed 21296K, reserved 1069056K
  class space    used 2447K, capacity 2579K, committed 2688K, reserved 1048576K
Event: 5,434 GC heap after
Heap after GC invocations=7 (full 1):
 PSYoungGen      total 159744K, used 0K [0x00000000f5580000, 0x0000000100000000, 0x0000000100000000)
  eden space 144384K, 0% used [0x00000000f5580000,0x00000000f5580000,0x00000000fe280000)
  from space 15360K, 0% used [0x00000000ff100000,0x00000000ff100000,0x0000000100000000)
  to   space 14848K, 0% used [0x00000000fe280000,0x00000000fe280000,0x00000000ff100000)
 ParOldGen       total 97792K, used 20599K [0x00000000e0000000, 0x00000000e5f80000, 0x00000000f5580000)
  object space 97792K, 21% used [0x00000000e0000000,0x00000000e141dfa8,0x00000000e5f80000)
 Metaspace       used 20551K, capacity 21114K, committed 21296K, reserved 1069056K
  class space    used 2447K, capacity 2579K, committed 2688K, reserved 1048576K
}
Event: 8,372 GC heap before
{Heap before GC invocations=8 (full 1):
 PSYoungGen      total 159744K, used 144384K [0x00000000f5580000, 0x0000000100000000, 0x0000000100000000)
  eden space 144384K, 100% used [0x00000000f5580000,0x00000000fe280000,0x00000000fe280000)
  from space 15360K, 0% used [0x00000000ff100000,0x00000000ff100000,0x0000000100000000)
  to   space 14848K, 0% used [0x00000000fe280000,0x00000000fe280000,0x00000000ff100000)
 ParOldGen       total 97792K, used 20599K [0x00000000e0000000, 0x00000000e5f80000, 0x00000000f5580000)
  object space 97792K, 21% used [0x00000000e0000000,0x00000000e141dfa8,0x00000000e5f80000)
 Metaspace       used 24341K, capacity 24896K, committed 24960K, reserved 1071104K
  class space    used 2761K, capacity 2900K, committed 2944K, reserved 1048576K
Event: 8,403 GC heap after
Heap after GC invocations=8 (full 1):
 PSYoungGen      total 159232K, used 14823K [0x00000000f5580000, 0x0000000100000000, 0x0000000100000000)
  eden space 144384K, 0% used [0x00000000f5580000,0x00000000f5580000,0x00000000fe280000)
  from space 14848K, 99% used [0x00000000fe280000,0x00000000ff0f9d70,0x00000000ff100000)
  to   space 15360K, 0% used [0x00000000ff100000,0x00000000ff100000,0x0000000100000000)
 ParOldGen       total 97792K, used 35639K [0x00000000e0000000, 0x00000000e5f80000, 0x00000000f5580000)
  object space 97792K, 36% used [0x00000000e0000000,0x00000000e22cde28,0x00000000e5f80000)
 Metaspace       used 24341K, capacity 24896K, committed 24960K, reserved 1071104K
  class space    used 2761K, capacity 2900K, committed 2944K, reserved 1048576K
}
Event: 21,009 GC heap before
{Heap before GC invocations=9 (full 1):
 PSYoungGen      total 159232K, used 117122K [0x00000000f5580000, 0x0000000100000000, 0x0000000100000000)
  eden space 144384K, 70% used [0x00000000f5580000,0x00000000fb966ce8,0x00000000fe280000)
  from space 14848K, 99% used [0x00000000fe280000,0x00000000ff0f9d70,0x00000000ff100000)
  to   space 15360K, 0% used [0x00000000ff100000,0x00000000ff100000,0x0000000100000000)
 ParOldGen       total 97792K, used 35639K [0x00000000e0000000, 0x00000000e5f80000, 0x00000000f5580000)
  object space 97792K, 36% used [0x00000000e0000000,0x00000000e22cde28,0x00000000e5f80000)
 Metaspace       used 28611K, capacity 29376K, committed 29696K, reserved 1075200K
  class space    used 3269K, capacity 3518K, committed 3584K, reserved 1048576K
Event: 21,049 GC heap after
Heap after GC invocations=9 (full 1):
 PSYoungGen      total 136704K, used 15330K [0x00000000f5580000, 0x0000000100000000, 0x0000000100000000)
  eden space 121344K, 0% used [0x00000000f5580000,0x00000000f5580000,0x00000000fcc00000)
  from space 15360K, 99% used [0x00000000ff100000,0x00000000ffff8930,0x0000000100000000)
  to   space 26624K, 0% used [0x00000000fcc00000,0x00000000fcc00000,0x00000000fe600000)
 ParOldGen       total 97792K, used 42435K [0x00000000e0000000, 0x00000000e5f80000, 0x00000000f5580000)
  object space 97792K, 43% used [0x00000000e0000000,0x00000000e2970d60,0x00000000e5f80000)
 Metaspace       used 28611K, capacity 29376K, committed 29696K, reserved 1075200K
  class space    used 3269K, capacity 3518K, committed 3584K, reserved 1048576K
}
Event: 21,049 GC heap before
{Heap before GC invocations=10 (full 2):
 PSYoungGen      total 136704K, used 15330K [0x00000000f5580000, 0x0000000100000000, 0x0000000100000000)
  eden space 121344K, 0% used [0x00000000f5580000,0x00000000f5580000,0x00000000fcc00000)
  from space 15360K, 99% used [0x00000000ff100000,0x00000000ffff8930,0x0000000100000000)
  to   space 26624K, 0% used [0x00000000fcc00000,0x00000000fcc00000,0x00000000fe600000)
 ParOldGen       total 97792K, used 42435K [0x00000000e0000000, 0x00000000e5f80000, 0x00000000f5580000)
  object space 97792K, 43% used [0x00000000e0000000,0x00000000e2970d60,0x00000000e5f80000)
 Metaspace       used 28611K, capacity 29376K, committed 29696K, reserved 1075200K
  class space    used 3269K, capacity 3518K, committed 3584K, reserved 1048576K

Deoptimization events (10 events):
Event: 20,105 Thread 0x00007ffb38802800 Uncommon trap: reason=bimorphic action=maybe_recompile pc=0x00007ffb2a1d42d0 method=java.util.Collections$UnmodifiableMap$UnmodifiableEntrySet$UnmodifiableEntry.getKey()Ljava/lang/Object; @ 4
Event: 20,105 Thread 0x00007ffb38802800 Uncommon trap: reason=bimorphic action=maybe_recompile pc=0x00007ffb2a1d4010 method=java.util.Collections$UnmodifiableMap$UnmodifiableEntrySet$UnmodifiableEntry.getValue()Ljava/lang/Object; @ 4
Event: 20,105 Thread 0x00007ffb38802800 Uncommon trap: reason=bimorphic action=maybe_recompile pc=0x00007ffb2a1d12a4 method=java.util.Collections$UnmodifiableMap$UnmodifiableEntrySet$1.next()Ljava/util/Map$Entry; @ 8
Event: 20,105 Thread 0x00007ffb38802800 Uncommon trap: reason=bimorphic action=maybe_recompile pc=0x00007ffb2a1d42d0 method=java.util.Collections$UnmodifiableMap$UnmodifiableEntrySet$UnmodifiableEntry.getKey()Ljava/lang/Object; @ 4
Event: 20,105 Thread 0x00007ffb38802800 Uncommon trap: reason=bimorphic action=maybe_recompile pc=0x00007ffb2a1d4010 method=java.util.Collections$UnmodifiableMap$UnmodifiableEntrySet$UnmodifiableEntry.getValue()Ljava/lang/Object; @ 4
Event: 20,105 Thread 0x00007ffb38802800 Uncommon trap: reason=bimorphic action=maybe_recompile pc=0x00007ffb2a1d12a4 method=java.util.Collections$UnmodifiableMap$UnmodifiableEntrySet$1.next()Ljava/util/Map$Entry; @ 8
Event: 20,105 Thread 0x00007ffb38802800 Uncommon trap: reason=bimorphic action=maybe_recompile pc=0x00007ffb2a1d42d0 method=java.util.Collections$UnmodifiableMap$UnmodifiableEntrySet$UnmodifiableEntry.getKey()Ljava/lang/Object; @ 4
Event: 20,105 Thread 0x00007ffb38802800 Uncommon trap: reason=bimorphic action=maybe_recompile pc=0x00007ffb2a1d4010 method=java.util.Collections$UnmodifiableMap$UnmodifiableEntrySet$UnmodifiableEntry.getValue()Ljava/lang/Object; @ 4
Event: 20,193 Thread 0x00007ffb38008000 Uncommon trap: reason=unstable_if action=reinterpret pc=0x00007ffb2a055150 method=org.codehaus.plexus.classworlds.realm.Entry.matches(Ljava/lang/String;)Z @ 150
Event: 20,227 Thread 0x00007ffb38008000 Uncommon trap: reason=unstable_if action=reinterpret pc=0x00007ffb2a142d60 method=java.io.BufferedOutputStream.write([BII)V @ 6

Internal exceptions (10 events):
Event: 6,008 Thread 0x00007ffb38008000 Exception <a 'java/io/FileNotFoundException'> (0x00000000f8e96068) thrown at [/chakra/core/openjdk/src/jdk8u-jdk8u144-b01/hotspot/src/share/vm/prims/jni.cpp, line 709]
Event: 6,008 Thread 0x00007ffb38008000 Exception <a 'java/io/FileNotFoundException'> (0x00000000f8e96cd8) thrown at [/chakra/core/openjdk/src/jdk8u-jdk8u144-b01/hotspot/src/share/vm/prims/jni.cpp, line 709]
Event: 6,160 Thread 0x00007ffb38008000 Exception <a 'java/io/FileNotFoundException'> (0x00000000f9900868) thrown at [/chakra/core/openjdk/src/jdk8u-jdk8u144-b01/hotspot/src/share/vm/prims/jni.cpp, line 709]
Event: 6,215 Thread 0x00007ffb38008000 Exception <a 'java/io/FileNotFoundException'> (0x00000000f9d6b160) thrown at [/chakra/core/openjdk/src/jdk8u-jdk8u144-b01/hotspot/src/share/vm/prims/jni.cpp, line 709]
Event: 6,216 Thread 0x00007ffb38008000 Exception <a 'java/io/FileNotFoundException'> (0x00000000f9d6c020) thrown at [/chakra/core/openjdk/src/jdk8u-jdk8u144-b01/hotspot/src/share/vm/prims/jni.cpp, line 709]
Event: 6,216 Thread 0x00007ffb38008000 Exception <a 'java/io/FileNotFoundException'> (0x00000000f9d6cef0) thrown at [/chakra/core/openjdk/src/jdk8u-jdk8u144-b01/hotspot/src/share/vm/prims/jni.cpp, line 709]
Event: 6,216 Thread 0x00007ffb38008000 Exception <a 'java/io/FileNotFoundException'> (0x00000000f9d79060) thrown at [/chakra/core/openjdk/src/jdk8u-jdk8u144-b01/hotspot/src/share/vm/prims/jni.cpp, line 709]
Event: 8,484 Thread 0x00007ffb38008000 Exception <a 'java/lang/NoSuchMethodError': org.apache.maven.execution.MavenExecutionRequest.getFailureBehavior()Ljava/lang/String;> (0x00000000f5c4ccb0) thrown at [/chakra/core/openjdk/src/jdk8u-jdk8u144-b01/hotspot/src/share/vm/interpreter/linkResolver.
Event: 15,888 Thread 0x00007ffb38008000 Implicit null exception at 0x00007ffb2a043711 to 0x00007ffb2a04545d
Event: 20,066 Thread 0x00007ffb3884d800 Implicit null exception at 0x00007ffb29c9861f to 0x00007ffb29c98ce5

Events (10 events):
Event: 21,006 Thread 0x00007ffb380bb000 flushing nmethod 0x00007ffb29e4af90
Event: 21,006 Thread 0x00007ffb380bb000 flushing nmethod 0x00007ffb29e4b2d0
Event: 21,007 Thread 0x00007ffb380bb000 flushing nmethod 0x00007ffb29e56950
Event: 21,007 Thread 0x00007ffb380bb000 flushing nmethod 0x00007ffb29e60210
Event: 21,007 Thread 0x00007ffb380bb000 flushing nmethod 0x00007ffb29e6c3d0
Event: 21,007 Thread 0x00007ffb380bb000 flushing nmethod 0x00007ffb29e71210
Event: 21,007 Thread 0x00007ffb380bb000 flushing nmethod 0x00007ffb29e7b910
Event: 21,007 Thread 0x00007ffb380bb000 flushing nmethod 0x00007ffb29e85250
Event: 21,007 Thread 0x00007ffb380bb000 flushing nmethod 0x00007ffb29eb9050
Event: 21,009 Executing VM operation: ParallelGCSystemGC


Dynamic libraries:
00400000-00401000 r-xp 00000000 08:08 1123082                            /usr/lib/jvm/java-8-openjdk/bin/java
00600000-00601000 r--p 00000000 08:08 1123082                            /usr/lib/jvm/java-8-openjdk/bin/java
00601000-00602000 rw-p 00001000 08:08 1123082                            /usr/lib/jvm/java-8-openjdk/bin/java
00f77000-00f98000 rw-p 00000000 00:00 0                                  [heap]
e0000000-e5f80000 rw-p 00000000 00:00 0 
e5f80000-f5580000 ---p 00000000 00:00 0 
f5580000-100000000 rw-p 00000000 00:00 0 
100000000-100380000 rw-p 00000000 00:00 0 
100380000-140000000 ---p 00000000 00:00 0 
7ffad4000000-7ffad4021000 rw-p 00000000 00:00 0 
7ffad4021000-7ffad8000000 ---p 00000000 00:00 0 
7ffadc000000-7ffadc021000 rw-p 00000000 00:00 0 
7ffadc021000-7ffae0000000 ---p 00000000 00:00 0 
7ffae0000000-7ffae0021000 rw-p 00000000 00:00 0 
7ffae0021000-7ffae4000000 ---p 00000000 00:00 0 
7ffae4000000-7ffae4031000 rw-p 00000000 00:00 0 
7ffae4031000-7ffae8000000 ---p 00000000 00:00 0 
7ffae8000000-7ffae802f000 rw-p 00000000 00:00 0 
7ffae802f000-7ffaec000000 ---p 00000000 00:00 0 
7ffaec000000-7ffaec021000 rw-p 00000000 00:00 0 
7ffaec021000-7ffaf0000000 ---p 00000000 00:00 0 
7ffaf25a7000-7ffaf25aa000 ---p 00000000 00:00 0 
7ffaf25aa000-7ffaf26a8000 rw-p 00000000 00:00 0 
7ffaf26a8000-7ffaf26ce000 r--p 00000000 08:08 1098432                    /usr/share/locale/es/LC_MESSAGES/libc.mo
7ffaf27be000-7ffaf27c1000 ---p 00000000 00:00 0 
7ffaf27c1000-7ffaf2abf000 rw-p 00000000 00:00 0 
7ffaf2b0f000-7ffaf2b10000 r--s 00002000 08:08 1712411                    /var/maven_local_repository/repository/org/codehaus/plexus/plexus-digest/1.0/plexus-digest-1.0.jar
7ffaf2b10000-7ffaf2b14000 r--s 00035000 08:08 1712409                    /var/maven_local_repository/repository/org/codehaus/plexus/plexus-utils/3.0.5/plexus-utils-3.0.5.jar
7ffaf2b14000-7ffaf2b15000 r--s 00006000 08:08 1704194                    /var/maven_local_repository/repository/org/apache/maven/plugins/maven-install-plugin/2.4/maven-install-plugin-2.4.jar
7ffaf2b15000-7ffaf2b18000 ---p 00000000 00:00 0 
7ffaf2b18000-7ffaf2c16000 rw-p 00000000 00:00 0 
7ffaf2c16000-7ffaf2c19000 ---p 00000000 00:00 0 
7ffaf2c19000-7ffaf2d17000 rw-p 00000000 00:00 0 
7ffaf2d17000-7ffaf2d1a000 ---p 00000000 00:00 0 
7ffaf2d1a000-7ffaf2e18000 rw-p 00000000 00:00 0 
7ffaf2e18000-7ffaf2e1b000 ---p 00000000 00:00 0 
7ffaf2e1b000-7ffaf2f19000 rw-p 00000000 00:00 0 
7ffaf2f19000-7ffaf2f1c000 r--s 00018000 08:08 1712396                    /var/maven_local_repository/repository/org/apache/commons/commons-pool2/2.2/commons-pool2-2.2.jar
7ffaf2f1c000-7ffaf2f1e000 r--s 0000d000 08:08 1712393                    /var/maven_local_repository/repository/com/mycila/mycila-xmltool/4.4.ga/mycila-xmltool-4.4.ga.jar
7ffaf2f1e000-7ffaf2f20000 r--s 0000d000 08:08 1631932                    /var/maven_local_repository/repository/commons-logging/commons-logging/1.1.1/commons-logging-1.1.1.jar
7ffaf2f20000-7ffaf2f21000 r--s 0000c000 08:08 1712390                    /var/maven_local_repository/repository/org/springframework/spring-asm/3.1.3.RELEASE/spring-asm-3.1.3.RELEASE.jar
7ffaf2f21000-7ffaf2f2c000 r--s 00064000 08:08 1712381                    /var/maven_local_repository/repository/org/springframework/spring-core/3.1.3.RELEASE/spring-core-3.1.3.RELEASE.jar
7ffaf2f2c000-7ffaf2f33000 r--s 00023000 08:08 1712382                    /var/maven_local_repository/repository/org/apache/maven/maven-project-builder/3.0-alpha-2/maven-project-builder-3.0-alpha-2.jar
7ffaf2f33000-7ffaf2f35000 r--s 00007000 08:08 1712380                    /var/maven_local_repository/repository/org/sonatype/spice/model-builder/1.3/model-builder-1.3.jar
7ffaf2f35000-7ffaf2f37000 r--s 00005000 08:08 1631947                    /var/maven_local_repository/repository/stax/stax-api/1.0.1/stax-api-1.0.1.jar
7ffaf2f37000-7ffaf2f3e000 r--s 00079000 08:08 1697035                    /var/maven_local_repository/repository/org/codehaus/woodstox/wstx-asl/3.2.6/wstx-asl-3.2.6.jar
7ffaf2f3e000-7ffaf2f4a000 r--s 0006f000 08:08 1712361                    /var/maven_local_repository/repository/com/google/code/google-collections/google-collect/snapshot-20080530/google-collect-snapshot-20080530.jar
7ffaf2f4a000-7ffaf2f4b000 r--s 0000a000 08:08 1623848                    /var/maven_local_repository/repository/commons-logging/commons-logging-api/1.1/commons-logging-api-1.1.jar
7ffaf2f4b000-7ffaf2f52000 r--s 00051000 08:08 1623846                    /var/maven_local_repository/repository/log4j/log4j/1.2.12/log4j-1.2.12.jar
7ffaf2f52000-7ffaf2f56000 r--s 0001d000 08:08 1623844                    /var/maven_local_repository/repository/org/apache/xbean/xbean-reflect/3.4/xbean-reflect-3.4.jar
7ffaf2f56000-7ffaf2f58000 r--s 00007000 08:08 1672431                    /var/maven_local_repository/repository/org/codehaus/plexus/plexus-interpolation/1.1/plexus-interpolation-1.1.jar
7ffaf2f58000-7ffaf2f5d000 r--s 00039000 08:08 1640155                    /var/maven_local_repository/repository/org/codehaus/plexus/plexus-utils/1.5.6/plexus-utils-1.5.6.jar
7ffaf2f5d000-7ffaf2f5e000 r--s 0000a000 08:08 1639173                    /var/maven_local_repository/repository/asm/asm/3.3.1/asm-3.3.1.jar
7ffaf2f5e000-7ffaf2f64000 r--s 0002c000 08:08 1712368                    /var/maven_local_repository/repository/org/eclipse/sisu/org.eclipse.sisu.inject/0.0.0.M2a/org.eclipse.sisu.inject-0.0.0.M2a.jar
7ffaf2f64000-7ffaf2f66000 r--s 00000000 08:08 1639166                    /var/maven_local_repository/repository/aopalliance/aopalliance/1.0/aopalliance-1.0.jar
7ffaf2f66000-7ffaf2f6e000 r--s 00050000 08:08 1671382                    /var/maven_local_repository/repository/org/sonatype/sisu/sisu-guice/3.1.0/sisu-guice-3.1.0-no_aop.jar
7ffaf2f6e000-7ffaf2f71000 r--s 00006000 08:08 1712366                    /var/maven_local_repository/repository/com/google/code/findbugs/jsr305/1.3.9/jsr305-1.3.9.jar
7ffaf2f71000-7ffaf2f8f000 r--s 00151000 08:08 1712362                    /var/maven_local_repository/repository/com/google/guava/guava/10.0.1/guava-10.0.1.jar
7ffaf2f8f000-7ffaf2f90000 r--s 00001000 08:08 1671376                    /var/maven_local_repository/repository/javax/annotation/jsr250-api/1.0/jsr250-api-1.0.jar
7ffaf2f90000-7ffaf2f93000 r--s 00008000 08:08 1664535                    /var/maven_local_repository/repository/javax/enterprise/cdi-api/1.0/cdi-api-1.0.jar
7ffaf2f93000-7ffaf2f96000 r--s 00012000 08:08 1712212                    /var/maven_local_repository/repository/com/mycila/license-maven-plugin/2.11/license-maven-plugin-2.11.jar
7ffaf2f96000-7ffaf3116000 rw-p 00000000 00:00 0 
7ffaf3116000-7ffaf3196000 ---p 00000000 00:00 0 
7ffaf3196000-7ffaf3396000 rw-p 00000000 00:00 0 
7ffaf3396000-7ffaf3397000 r--s 00002000 08:08 1631828                    /var/maven_local_repository/repository/org/apache/maven/shared/maven-mapping/1.0/maven-mapping-1.0.jar
7ffaf3397000-7ffaf3399000 r--s 0000b000 08:08 1631827                    /var/maven_local_repository/repository/org/apache/maven/shared/maven-filtering/1.3/maven-filtering-1.3.jar
7ffaf3399000-7ffaf339d000 r--s 00038000 08:08 1623600                    /var/maven_local_repository/repository/org/codehaus/plexus/plexus-utils/3.0.20/plexus-utils-3.0.20.jar
7ffaf339d000-7ffaf339f000 r--s 00005000 08:08 1631823                    /var/maven_local_repository/repository/xpp3/xpp3_min/1.1.4c/xpp3_min-1.1.4c.jar
7ffaf339f000-7ffaf33a0000 r--s 00001000 08:08 1631821                    /var/maven_local_repository/repository/xmlpull/xmlpull/1.1.3.1/xmlpull-1.1.3.1.jar
7ffaf33a0000-7ffaf33ad000 r--s 0006a000 08:08 1631819                    /var/maven_local_repository/repository/com/thoughtworks/xstream/xstream/1.4.4/xstream-1.4.4.jar
7ffaf33ad000-7ffaf33b0000 r--s 0000d000 08:08 1623801                    /var/maven_local_repository/repository/org/codehaus/plexus/plexus-interpolation/1.21/plexus-interpolation-1.21.jar
7ffaf33b0000-7ffaf33b7000 r--s 00056000 08:08 1623610                    /var/maven_local_repository/repository/org/apache/commons/commons-compress/1.9/commons-compress-1.9.jar
7ffaf33b7000-7ffaf33bb000 r--s 00020000 08:08 1623602                    /var/maven_local_repository/repository/org/codehaus/plexus/plexus-archiver/2.9/plexus-archiver-2.9.jar
7ffaf33bb000-7ffaf33bf000 r--s 00027000 08:08 1623609                    /var/maven_local_repository/repository/commons-io/commons-io/2.2/commons-io-2.2.jar
7ffaf33bf000-7ffaf33c3000 r--s 00011000 08:08 1631817                    /var/maven_local_repository/repository/org/codehaus/plexus/plexus-io/2.4.1/plexus-io-2.4.1.jar
7ffaf33c3000-7ffaf33c7000 r--s 00026000 08:08 1623598                    /var/maven_local_repository/repository/org/apache/maven/shared/maven-shared-utils/0.7/maven-shared-utils-0.7.jar
7ffaf33c7000-7ffaf33c8000 r--s 00005000 08:08 1623596                    /var/maven_local_repository/repository/org/apache/maven/maven-archiver/2.6/maven-archiver-2.6.jar
7ffaf33c8000-7ffaf33ca000 r--s 00014000 08:08 1631755                    /var/maven_local_repository/repository/org/apache/maven/plugins/maven-war-plugin/2.6/maven-war-plugin-2.6.jar
7ffaf33ca000-7ffaf33cc000 r--s 00002000 08:08 1623534                    /var/maven_local_repository/repository/org/apache/maven/plugin-tools/maven-plugin-annotations/3.3/maven-plugin-annotations-3.3.jar
7ffaf33cc000-7ffaf33d1000 r--s 0002b000 08:08 1623533                    /var/maven_local_repository/repository/org/apache/maven/surefire/surefire-api/2.19.1/surefire-api-2.19.1.jar
7ffaf33d1000-7ffaf33d7000 r--s 00048000 08:08 1623532                    /var/maven_local_repository/repository/org/apache/commons/commons-lang3/3.1/commons-lang3-3.1.jar
7ffaf33d7000-7ffaf35d7000 rw-p 00000000 00:00 0 
7ffaf35d7000-7ffaf37d7000 rw-p 00000000 00:00 0 
7ffaf37d7000-7ffaf39d7000 rw-p 00000000 00:00 0 
7ffaf39d7000-7ffaf39e8000 r-xp 00000000 08:08 1123051                    /usr/lib/jvm/java-8-openjdk/jre/lib/amd64/libnio.so
7ffaf39e8000-7ffaf3be7000 ---p 00011000 08:08 1123051                    /usr/lib/jvm/java-8-openjdk/jre/lib/amd64/libnio.so
7ffaf3be7000-7ffaf3be8000 r--p 00010000 08:08 1123051                    /usr/lib/jvm/java-8-openjdk/jre/lib/amd64/libnio.so
7ffaf3be8000-7ffaf3be9000 rw-p 00011000 08:08 1123051                    /usr/lib/jvm/java-8-openjdk/jre/lib/amd64/libnio.so
7ffaf3be9000-7ffaf3bff000 r-xp 00000000 08:08 1123033                    /usr/lib/jvm/java-8-openjdk/jre/lib/amd64/libnet.so
7ffaf3bff000-7ffaf3dfe000 ---p 00016000 08:08 1123033                    /usr/lib/jvm/java-8-openjdk/jre/lib/amd64/libnet.so
7ffaf3dfe000-7ffaf3dff000 r--p 00015000 08:08 1123033                    /usr/lib/jvm/java-8-openjdk/jre/lib/amd64/libnet.so
7ffaf3dff000-7ffaf3e00000 rw-p 00016000 08:08 1123033                    /usr/lib/jvm/java-8-openjdk/jre/lib/amd64/libnet.so
7ffaf3e00000-7ffaf4000000 rw-p 00000000 00:00 0 
7ffaf4000000-7ffaf4021000 rw-p 00000000 00:00 0 
7ffaf4021000-7ffaf8000000 ---p 00000000 00:00 0 
7ffaf8000000-7ffaf8021000 rw-p 00000000 00:00 0 
7ffaf8021000-7ffafc000000 ---p 00000000 00:00 0 
7ffafc000000-7ffafd86b000 rw-p 00000000 00:00 0 
7ffafd86b000-7ffb00000000 ---p 00000000 00:00 0 
7ffb00000000-7ffb00f24000 rw-p 00000000 00:00 0 
7ffb00f24000-7ffb04000000 ---p 00000000 00:00 0 
7ffb04000000-7ffb04021000 rw-p 00000000 00:00 0 
7ffb04021000-7ffb08000000 ---p 00000000 00:00 0 
7ffb08000000-7ffb09609000 rw-p 00000000 00:00 0 
7ffb09609000-7ffb0c000000 ---p 00000000 00:00 0 
7ffb0c000000-7ffb0c021000 rw-p 00000000 00:00 0 
7ffb0c021000-7ffb10000000 ---p 00000000 00:00 0 
7ffb10000000-7ffb10021000 rw-p 00000000 00:00 0 
7ffb10021000-7ffb14000000 ---p 00000000 00:00 0 
7ffb14000000-7ffb14021000 rw-p 00000000 00:00 0 
7ffb14021000-7ffb18000000 ---p 00000000 00:00 0 
7ffb18000000-7ffb1807b000 rw-p 00000000 00:00 0 
7ffb1807b000-7ffb1c000000 ---p 00000000 00:00 0 
7ffb1c000000-7ffb1c021000 rw-p 00000000 00:00 0 
7ffb1c021000-7ffb20000000 ---p 00000000 00:00 0 
7ffb20000000-7ffb20021000 rw-p 00000000 00:00 0 
7ffb20021000-7ffb24000000 ---p 00000000 00:00 0 
7ffb24000000-7ffb24021000 rw-p 00000000 00:00 0 
7ffb24021000-7ffb28000000 ---p 00000000 00:00 0 
7ffb28000000-7ffb28001000 r--s 00002000 08:08 1623526                    /var/maven_local_repository/repository/org/apache/maven/reporting/maven-reporting-api/3.0/maven-reporting-api-3.0.jar
7ffb28001000-7ffb28009000 r--s 00045000 08:08 1623521                    /var/maven_local_repository/repository/junit/junit/4.12/junit-4.12.jar
7ffb28009000-7ffb2800d000 r--s 00034000 08:08 1623524                    /var/maven_local_repository/repository/org/codehaus/plexus/plexus-utils/1.5.15/plexus-utils-1.5.15.jar
7ffb2800d000-7ffb2800f000 r--s 0000a000 08:08 1623523                    /var/maven_local_repository/repository/org/apache/maven/surefire/surefire-booter/2.19.1/surefire-booter-2.19.1.jar
7ffb2800f000-7ffb28015000 r--s 00042000 08:08 1623518                    /var/maven_local_repository/repository/org/apache/maven/surefire/maven-surefire-common/2.19.1/maven-surefire-common-2.19.1.jar
7ffb28015000-7ffb28016000 r--s 00009000 08:08 1622743                    /var/maven_local_repository/repository/org/apache/maven/plugins/maven-surefire-plugin/2.19.1/maven-surefire-plugin-2.19.1.jar
7ffb28016000-7ffb28090000 r--s 010fd000 08:08 1122346                    /usr/lib/jvm/java-8-openjdk/lib/tools.jar
7ffb28090000-7ffb28091000 r--s 00004000 08:08 1623468                    /var/maven_local_repository/repository/org/codehaus/plexus/plexus-compiler-javac/2.7/plexus-compiler-javac-2.7.jar
7ffb28091000-7ffb28093000 r--s 00000000 08:08 1623463                    /var/maven_local_repository/repository/org/codehaus/plexus/plexus-compiler-manager/2.7/plexus-compiler-manager-2.7.jar
7ffb28093000-7ffb28095000 r--s 00005000 08:08 1623462                    /var/maven_local_repository/repository/org/codehaus/plexus/plexus-compiler-api/2.7/plexus-compiler-api-2.7.jar
7ffb28095000-7ffb28097000 r--s 00002000 08:08 1623461                    /var/maven_local_repository/repository/org/apache/maven/shared/maven-shared-incremental/1.1/maven-shared-incremental-1.1.jar
7ffb28097000-7ffb2809b000 r--s 0002a000 08:08 1623460                    /var/maven_local_repository/repository/commons-io/commons-io/2.4/commons-io-2.4.jar
7ffb2809b000-7ffb2809e000 r--s 00023000 08:08 1623458                    /var/maven_local_repository/repository/org/apache/maven/shared/maven-shared-utils/3.0.0/maven-shared-utils-3.0.0.jar
7ffb2809e000-7ffb280a0000 r--s 0000d000 08:08 1623451                    /var/maven_local_repository/repository/org/codehaus/plexus/plexus-interpolation/1.14/plexus-interpolation-1.14.jar
7ffb280a0000-7ffb280a4000 r--s 00017000 08:08 1623450                    /var/maven_local_repository/repository/org/sonatype/aether/aether-util/1.7/aether-util-1.7.jar
7ffb280a4000-7ffb280a8000 r--s 00033000 08:08 1623429                    /var/maven_local_repository/repository/org/codehaus/plexus/plexus-utils/2.0.4/plexus-utils-2.0.4.jar
7ffb280a8000-7ffb280b3000 r--s 00069000 08:08 1623423                    /var/maven_local_repository/repository/org/sonatype/sisu/sisu-guice/2.1.7/sisu-guice-2.1.7-noaop.jar
7ffb280b3000-7ffb280b8000 r--s 00021000 08:08 1623420                    /var/maven_local_repository/repository/org/sonatype/sisu/sisu-inject-bean/1.4.2/sisu-inject-bean-1.4.2.jar
7ffb280b8000-7ffb280ba000 r--s 0000b000 08:08 1622730                    /var/maven_local_repository/repository/org/apache/maven/plugins/maven-compiler-plugin/3.5.1/maven-compiler-plugin-3.5.1.jar
7ffb280ba000-7ffb280bd000 r--s 0000d000 08:08 1623201                    /var/maven_local_repository/repository/org/codehaus/plexus/plexus-interpolation/1.19/plexus-interpolation-1.19.jar
7ffb280bd000-7ffb280be000 r--s 00001000 08:08 1623200                    /var/maven_local_repository/repository/org/sonatype/plexus/plexus-build-api/0.0.4/plexus-build-api-0.0.4.jar
7ffb280be000-7ffb280c0000 r--s 00006000 08:08 1623194                    /var/maven_local_repository/repository/com/google/code/findbugs/jsr305/2.0.1/jsr305-2.0.1.jar
7ffb280c0000-7ffb280c3000 r--s 00023000 08:08 1623192                    /var/maven_local_repository/repository/org/apache/maven/shared/maven-shared-utils/0.3/maven-shared-utils-0.3.jar
7ffb280c3000-7ffb280c5000 r--s 00009000 08:08 1623188                    /var/maven_local_repository/repository/org/apache/maven/shared/maven-filtering/1.2/maven-filtering-1.2.jar
7ffb280c5000-7ffb280c9000 r--s 00037000 08:08 1623190                    /var/maven_local_repository/repository/org/codehaus/plexus/plexus-utils/3.0.15/plexus-utils-3.0.15.jar
7ffb280c9000-7ffb280cc000 r--s 0001b000 08:08 1623186                    /var/maven_local_repository/repository/junit/junit/3.8.1/junit-3.8.1.jar
7ffb280cc000-7ffb280cd000 r--s 00007000 08:08 1622711                    /var/maven_local_repository/repository/org/apache/maven/plugins/maven-resources-plugin/2.7/maven-resources-plugin-2.7.jar
7ffb280cd000-7ffb280cf000 r--s 00009000 08:08 1622701                    /var/maven_local_repository/repository/org/hamcrest/hamcrest-core/1.3/hamcrest-core-1.3.jar
7ffb280cf000-7ffb280d5000 r--s 00036000 08:08 1622698                    /var/maven_local_repository/repository/junit/junit/4.11/junit-4.11.jar
7ffb280d5000-7ffb280d8000 r--s 0000c000 08:08 1622697                    /var/maven_local_repository/repository/org/codehaus/plexus/plexus-io/2.0.4/plexus-io-2.0.4.jar
7ffb280d8000-7ffb280dd000 r--s 00029000 08:08 1622696                    /var/maven_local_repository/repository/org/codehaus/plexus/plexus-archiver/2.2/plexus-archiver-2.2.jar
7ffb280dd000-7ffb280df000 r--s 00007000 08:08 1622695                    /var/maven_local_repository/repository/org/apache/maven/plugin-testing/maven-plugin-testing-harness/1.3/maven-plugin-testing-harness-1.3.jar
7ffb280df000-7ffb280e0000 r--s 00002000 08:08 1622690                    /var/maven_local_repository/repository/org/codehaus/plexus/plexus-i18n/1.0-beta-6/plexus-i18n-1.0-beta-6.jar
7ffb280e0000-7ffb280e4000 r--s 0001d000 08:08 1622689                    /var/maven_local_repository/repository/org/eclipse/aether/aether-util/0.9.0.M2/aether-util-0.9.0.M2.jar
7ffb280e4000-7ffb280e6000 r--s 00000000 08:08 1622688                    /var/maven_local_repository/repository/org/codehaus/plexus/plexus-component-annotations/1.5.5/plexus-component-annotations-1.5.5.jar
7ffb280e6000-7ffb280e9000 r--s 0000d000 08:08 1622685                    /var/maven_local_repository/repository/org/apache/maven/shared/maven-dependency-tree/2.2/maven-dependency-tree-2.2.jar
7ffb280e9000-7ffb280ee000 r--s 00040000 08:08 1622682                    /var/maven_local_repository/repository/org/beanshell/bsh/2.0b4/bsh-2.0b4.jar
7ffb280ee000-7ffb280f0000 r--s 00006000 08:08 1622680                    /var/maven_local_repository/repository/org/apache/maven/shared/maven-common-artifact-filters/1.4/maven-common-artifact-filters-1.4.jar
7ffb280f0000-7ffb280f3000 r--s 00016000 08:08 1622679                    /var/maven_local_repository/repository/org/apache/maven/enforcer/enforcer-rules/1.4.1/enforcer-rules-1.4.1.jar
7ffb280f3000-7ffb280f4000 r--s 00002000 08:08 1622678                    /var/maven_local_repository/repository/org/apache/maven/enforcer/enforcer-api/1.4.1/enforcer-api-1.4.1.jar
7ffb280f4000-7ffb280f8000 r--s 00038000 08:08 1622675                    /var/maven_local_repository/repository/commons-lang/commons-lang/2.3/commons-lang-2.3.jar
7ffb280f8000-7ffb280fc000 r--s 00038000 08:08 1622672                    /var/maven_local_repository/repository/org/codehaus/plexus/plexus-utils/3.0.22/plexus-utils-3.0.22.jar
7ffb280fc000-7ffb280fe000 r--s 00002000 08:08 1622671                    /var/maven_local_repository/repository/org/sonatype/plexus/plexus-cipher/1.4/plexus-cipher-1.4.jar
7ffb280fe000-7ffb280ff000 r--s 00006000 08:08 1622670                    /var/maven_local_repository/repository/org/sonatype/plexus/plexus-sec-dispatcher/1.3/plexus-sec-dispatcher-1.3.jar
7ffb280ff000-7ffb28101000 r--s 00002000 08:08 1622662                    /var/maven_local_repository/repository/org/codehaus/plexus/plexus-interactivity-api/1.0-alpha-4/plexus-interactivity-api-1.0-alpha-4.jar
7ffb28101000-7ffb28103000 r--s 00009000 08:08 1622660                    /var/maven_local_repository/repository/commons-cli/commons-cli/1.2/commons-cli-1.2.jar
7ffb28103000-7ffb28104000 r--s 00002000 08:08 1622653                    /var/maven_local_repository/repository/org/apache/maven/doxia/doxia-logging-api/1.1/doxia-logging-api-1.1.jar
7ffb28104000-7ffb28106000 r--s 00002000 08:08 1622651                    /var/maven_local_repository/repository/org/apache/maven/doxia/doxia-sink-api/1.1/doxia-sink-api-1.1.jar
7ffb28106000-7ffb28107000 r--s 00002000 08:08 1622650                    /var/maven_local_repository/repository/org/apache/maven/reporting/maven-reporting-api/2.2.1/maven-reporting-api-2.2.1.jar
7ffb28107000-7ffb28109000 r--s 00003000 08:08 1622649                    /var/maven_local_repository/repository/org/slf4j/jcl-over-slf4j/1.5.6/jcl-over-slf4j-1.5.6.jar
7ffb28109000-7ffb2810b000 r--s 00001000 08:08 1622643                    /var/maven_local_repository/repository/org/slf4j/slf4j-jdk14/1.5.6/slf4j-jdk14-1.5.6.jar
7ffb2810b000-7ffb2810d000 r--s 0000b000 08:08 1622635                    /var/maven_local_repository/repository/org/codehaus/plexus/plexus-interpolation/1.11/plexus-interpolation-1.11.jar
7ffb2810d000-7ffb28115000 r--s 00049000 08:08 1622630                    /var/maven_local_repository/repository/backport-util-concurrent/backport-util-concurrent/3.1/backport-util-concurrent-3.1.jar
7ffb28115000-7ffb28116000 r--s 00006000 08:08 1622054                    /var/maven_local_repository/repository/org/apache/maven/plugins/maven-enforcer-plugin/1.4.1/maven-enforcer-plugin-1.4.1.jar
7ffb28116000-7ffb28316000 rw-p 00000000 00:00 0 
7ffb28316000-7ffb28516000 rw-p 00000000 00:00 0 
7ffb28516000-7ffb28517000 ---p 00000000 00:00 0 
7ffb28517000-7ffb28617000 rw-p 00000000 00:00 0 
7ffb28617000-7ffb2861a000 ---p 00000000 00:00 0 
7ffb2861a000-7ffb28718000 rw-p 00000000 00:00 0 
7ffb28718000-7ffb2871b000 ---p 00000000 00:00 0 
7ffb2871b000-7ffb28819000 rw-p 00000000 00:00 0 
7ffb28819000-7ffb2881c000 ---p 00000000 00:00 0 
7ffb2881c000-7ffb2891a000 rw-p 00000000 00:00 0 
7ffb2891a000-7ffb2891d000 ---p 00000000 00:00 0 
7ffb2891d000-7ffb28a1b000 rw-p 00000000 00:00 0 
7ffb28a1b000-7ffb28a1e000 ---p 00000000 00:00 0 
7ffb28a1e000-7ffb28b1c000 rw-p 00000000 00:00 0 
7ffb28b1c000-7ffb28cfd000 r--p 00000000 08:08 953971                     /usr/lib/locale/locale-archive
7ffb28cfd000-7ffb28d00000 ---p 00000000 00:00 0 
7ffb28d00000-7ffb28dfe000 rw-p 00000000 00:00 0 
7ffb28dfe000-7ffb28e01000 ---p 00000000 00:00 0 
7ffb28e01000-7ffb28eff000 rw-p 00000000 00:00 0 
7ffb28eff000-7ffb28f00000 ---p 00000000 00:00 0 
7ffb28f00000-7ffb29000000 rw-p 00000000 00:00 0 
7ffb29000000-7ffb2a230000 rwxp 00000000 00:00 0 
7ffb2a230000-7ffb38000000 ---p 00000000 00:00 0 
7ffb38000000-7ffb39ad8000 rw-p 00000000 00:00 0 
7ffb39ad8000-7ffb3c000000 ---p 00000000 00:00 0 
7ffb3c000000-7ffb3c004000 r--s 00034000 08:08 1622154                    /var/maven_local_repository/repository/org/codehaus/plexus/plexus-utils/3.0/plexus-utils-3.0.jar
7ffb3c004000-7ffb3c006000 r--s 00005000 08:08 1622074                    /var/maven_local_repository/repository/org/apache/maven/plugins/maven-clean-plugin/2.5/maven-clean-plugin-2.5.jar
7ffb3c006000-7ffb3c00b000 r--s 0009a000 08:08 1122987                    /usr/lib/jvm/java-8-openjdk/jre/lib/jsse.jar
7ffb3c00b000-7ffb3c015000 r--s 00116000 08:08 1122995                    /usr/lib/jvm/java-8-openjdk/jre/lib/ext/localedata.jar
7ffb3c015000-7ffb3c030000 r--s 00394000 08:08 1123001                    /usr/lib/jvm/java-8-openjdk/jre/lib/ext/cldrdata.jar
7ffb3c030000-7ffb3c032000 r--s 00002000 08:08 2015254                    /opt/maven/lib/plexus-cipher-1.7.jar
7ffb3c032000-7ffb3c060000 r--s 001fa000 08:08 2015261                    /opt/maven/lib/wagon-http-2.10-shaded.jar
7ffb3c060000-7ffb3c063000 r--s 00026000 08:08 2015311                    /opt/maven/lib/maven-model-3.3.9.jar
7ffb3c063000-7ffb3c065000 r--s 00000000 08:08 2015307                    /opt/maven/lib/aopalliance-1.0.jar
7ffb3c065000-7ffb3c069000 r--s 00027000 08:08 2015305                    /opt/maven/lib/commons-io-2.2.jar
7ffb3c069000-7ffb3c06b000 r--s 00009000 08:08 2015276                    /opt/maven/lib/maven-settings-builder-3.3.9.jar
7ffb3c06b000-7ffb3c06c000 r--s 00008000 08:08 2015271                    /opt/maven/lib/aether-connector-basic-1.0.2.v20150114.jar
7ffb3c06c000-7ffb3c06e000 r--s 0000a000 08:08 2015284                    /opt/maven/lib/maven-plugin-api-3.3.9.jar
7ffb3c06e000-7ffb3c06f000 r--s 0000a000 08:08 2015246                    /opt/maven/lib/maven-settings-3.3.9.jar
7ffb3c06f000-7ffb3c075000 r--s 00042000 08:08 2015312                    /opt/maven/lib/jsoup-1.7.2.jar
7ffb3c075000-7ffb3c07a000 r--s 0001d000 08:08 2015309                    /opt/maven/lib/aether-api-1.0.2.v20150114.jar
7ffb3c07a000-7ffb3c082000 r--s 00055000 08:08 2015262                    /opt/maven/lib/org.eclipse.sisu.inject-0.3.2.jar
7ffb3c082000-7ffb3c08f000 r--s 0008f000 08:08 2015258                    /opt/maven/lib/maven-core-3.3.9.jar
7ffb3c08f000-7ffb3c092000 r--s 0000b000 08:08 2015299                    /opt/maven/lib/wagon-provider-api-2.10.jar
7ffb3c092000-7ffb3c096000 r--s 00038000 08:08 2015290                    /opt/maven/lib/plexus-utils-3.0.22.jar
7ffb3c096000-7ffb3c097000 r--s 00003000 08:08 2015302                    /opt/maven/lib/maven-builder-support-3.3.9.jar
7ffb3c097000-7ffb3c09d000 r--s 00041000 08:08 2015303                    /opt/maven/lib/maven-compat-3.3.9.jar
7ffb3c09d000-7ffb3c09e000 r--s 00006000 08:08 2015313                    /opt/maven/lib/maven-repository-metadata-3.3.9.jar
7ffb3c09e000-7ffb3c0a0000 r--s 00005000 08:08 2015264                    /opt/maven/lib/aether-transport-wagon-1.0.2.v20150114.jar
7ffb3c0a0000-7ffb3c0a2000 r--s 00006000 08:08 2015279                    /opt/maven/lib/aether-spi-1.0.2.v20150114.jar
7ffb3c0a2000-7ffb3c0cd000 r--s 001fc000 08:08 2015282                    /opt/maven/lib/guava-18.0.jar
7ffb3c0cd000-7ffb3c0ce000 r--s 00002000 08:08 2015257                    /opt/maven/lib/slf4j-simple-1.7.5.jar
7ffb3c0ce000-7ffb3c0d0000 r--s 0000f000 08:08 2015295                    /opt/maven/lib/maven-aether-provider-3.3.9.jar
7ffb3c0d0000-7ffb3c0d4000 r--s 00027000 08:08 2015266                    /opt/maven/lib/aether-impl-1.0.2.v20150114.jar
7ffb3c0d4000-7ffb3c0d7000 r--s 00013000 08:08 2015273                    /opt/maven/lib/maven-embedder-3.3.9.jar
7ffb3c0d7000-7ffb3c0e0000 r--s 0005f000 08:08 2015294                    /opt/maven/lib/guice-4.0-no_aop.jar
7ffb3c0e0000-7ffb3c0e1000 r--s 00006000 08:08 2015242                    /opt/maven/lib/plexus-sec-dispatcher-1.3.jar
7ffb3c0e1000-7ffb3c0e2000 r--s 00002000 08:08 2015272                    /opt/maven/lib/wagon-file-2.10.jar
7ffb3c0e2000-7ffb3c0e6000 r--s 00020000 08:08 2015280                    /opt/maven/lib/aether-util-1.0.2.v20150114.jar
7ffb3c0e6000-7ffb3c0ed000 r--s 00064000 08:08 2015260                    /opt/maven/lib/commons-lang3-3.4.jar
7ffb3c0ed000-7ffb3c0f0000 r--s 0000d000 08:08 2015301                    /opt/maven/lib/plexus-interpolation-1.21.jar
7ffb3c0f0000-7ffb3c0f2000 r--s 00005000 08:08 2015283                    /opt/maven/lib/slf4j-api-1.7.5.jar
7ffb3c0f2000-7ffb3c0f4000 r--s 0000c000 08:08 2015308                    /opt/maven/lib/maven-artifact-3.3.9.jar
7ffb3c0f4000-7ffb3c0f6000 r--s 00000000 08:08 2015243                    /opt/maven/lib/plexus-component-annotations-1.6.jar
7ffb3c0f6000-7ffb3c0f8000 r--s 00009000 08:08 2015287                    /opt/maven/lib/commons-cli-1.2.jar
7ffb3c0f8000-7ffb3c0fd000 r--s 00027000 08:08 2015244                    /opt/maven/lib/maven-model-builder-3.3.9.jar
7ffb3c0fd000-7ffb3d0ff000 rw-p 00000000 00:00 0 
7ffb3d0ff000-7ffb3d2cd000 r--s 03c15000 08:08 1122980                    /usr/lib/jvm/java-8-openjdk/jre/lib/rt.jar
7ffb3d2cd000-7ffb3ec9e000 rw-p 00000000 00:00 0 
7ffb3ec9e000-7ffb3ec9f000 ---p 00000000 00:00 0 
7ffb3ec9f000-7ffb3ed9f000 rw-p 00000000 00:00 0 
7ffb3ed9f000-7ffb3eda0000 ---p 00000000 00:00 0 
7ffb3eda0000-7ffb3eea0000 rw-p 00000000 00:00 0 
7ffb3eea0000-7ffb3eea1000 ---p 00000000 00:00 0 
7ffb3eea1000-7ffb3efa1000 rw-p 00000000 00:00 0 
7ffb3efa1000-7ffb3efa2000 ---p 00000000 00:00 0 
7ffb3efa2000-7ffb3f0d2000 rw-p 00000000 00:00 0 
7ffb3f0d2000-7ffb3f14c000 ---p 00000000 00:00 0 
7ffb3f14c000-7ffb3f1a2000 rw-p 00000000 00:00 0 
7ffb3f1a2000-7ffb3f1ec000 rw-p 00000000 00:00 0 
7ffb3f1ec000-7ffb3f563000 ---p 00000000 00:00 0 
7ffb3f563000-7ffb3f56b000 r-xp 00000000 08:08 1123026                    /usr/lib/jvm/java-8-openjdk/jre/lib/amd64/libzip.so
7ffb3f56b000-7ffb3f76a000 ---p 00008000 08:08 1123026                    /usr/lib/jvm/java-8-openjdk/jre/lib/amd64/libzip.so
7ffb3f76a000-7ffb3f76b000 r--p 00007000 08:08 1123026                    /usr/lib/jvm/java-8-openjdk/jre/lib/amd64/libzip.so
7ffb3f76b000-7ffb3f76c000 rw-p 00008000 08:08 1123026                    /usr/lib/jvm/java-8-openjdk/jre/lib/amd64/libzip.so
7ffb3f76c000-7ffb3f777000 r-xp 00000000 08:08 755490                     /usr/lib/libnss_files-2.25.so
7ffb3f777000-7ffb3f976000 ---p 0000b000 08:08 755490                     /usr/lib/libnss_files-2.25.so
7ffb3f976000-7ffb3f977000 r--p 0000a000 08:08 755490                     /usr/lib/libnss_files-2.25.so
7ffb3f977000-7ffb3f978000 rw-p 0000b000 08:08 755490                     /usr/lib/libnss_files-2.25.so
7ffb3f978000-7ffb3f97e000 rw-p 00000000 00:00 0 
7ffb3f97e000-7ffb3f9ab000 r-xp 00000000 08:08 1123037                    /usr/lib/jvm/java-8-openjdk/jre/lib/amd64/libjava.so
7ffb3f9ab000-7ffb3fbaa000 ---p 0002d000 08:08 1123037                    /usr/lib/jvm/java-8-openjdk/jre/lib/amd64/libjava.so
7ffb3fbaa000-7ffb3fbab000 r--p 0002c000 08:08 1123037                    /usr/lib/jvm/java-8-openjdk/jre/lib/amd64/libjava.so
7ffb3fbab000-7ffb3fbad000 rw-p 0002d000 08:08 1123037                    /usr/lib/jvm/java-8-openjdk/jre/lib/amd64/libjava.so
7ffb3fbad000-7ffb3fbba000 r-xp 00000000 08:08 1123050                    /usr/lib/jvm/java-8-openjdk/jre/lib/amd64/libverify.so
7ffb3fbba000-7ffb3fdb9000 ---p 0000d000 08:08 1123050                    /usr/lib/jvm/java-8-openjdk/jre/lib/amd64/libverify.so
7ffb3fdb9000-7ffb3fdbb000 r--p 0000c000 08:08 1123050                    /usr/lib/jvm/java-8-openjdk/jre/lib/amd64/libverify.so
7ffb3fdbb000-7ffb3fdbc000 rw-p 0000e000 08:08 1123050                    /usr/lib/jvm/java-8-openjdk/jre/lib/amd64/libverify.so
7ffb3fdbc000-7ffb3fdc3000 r-xp 00000000 08:08 757628                     /usr/lib/librt-2.25.so
7ffb3fdc3000-7ffb3ffc2000 ---p 00007000 08:08 757628                     /usr/lib/librt-2.25.so
7ffb3ffc2000-7ffb3ffc3000 r--p 00006000 08:08 757628                     /usr/lib/librt-2.25.so
7ffb3ffc3000-7ffb3ffc4000 rw-p 00007000 08:08 757628                     /usr/lib/librt-2.25.so
7ffb3ffc4000-7ffb3ffda000 r-xp 00000000 08:08 943811                     /usr/lib/libgcc_s.so.1
7ffb3ffda000-7ffb401d9000 ---p 00016000 08:08 943811                     /usr/lib/libgcc_s.so.1
7ffb401d9000-7ffb401da000 r--p 00015000 08:08 943811                     /usr/lib/libgcc_s.so.1
7ffb401da000-7ffb401db000 rw-p 00016000 08:08 943811                     /usr/lib/libgcc_s.so.1
7ffb401db000-7ffb402ed000 r-xp 00000000 08:08 755542                     /usr/lib/libm-2.25.so
7ffb402ed000-7ffb404ec000 ---p 00112000 08:08 755542                     /usr/lib/libm-2.25.so
7ffb404ec000-7ffb404ed000 r--p 00111000 08:08 755542                     /usr/lib/libm-2.25.so
7ffb404ed000-7ffb404ee000 rw-p 00112000 08:08 755542                     /usr/lib/libm-2.25.so
7ffb404ee000-7ffb40667000 r-xp 00000000 08:08 942888                     /usr/lib/libstdc++.so.6.0.22
7ffb40667000-7ffb40866000 ---p 00179000 08:08 942888                     /usr/lib/libstdc++.so.6.0.22
7ffb40866000-7ffb40870000 r--p 00178000 08:08 942888                     /usr/lib/libstdc++.so.6.0.22
7ffb40870000-7ffb40872000 rw-p 00182000 08:08 942888                     /usr/lib/libstdc++.so.6.0.22
7ffb40872000-7ffb40876000 rw-p 00000000 00:00 0 
7ffb40876000-7ffb414c7000 r-xp 00000000 08:08 1123060                    /usr/lib/jvm/java-8-openjdk/jre/lib/amd64/server/libjvm.so
7ffb414c7000-7ffb416c7000 ---p 00c51000 08:08 1123060                    /usr/lib/jvm/java-8-openjdk/jre/lib/amd64/server/libjvm.so
7ffb416c7000-7ffb4175a000 r--p 00c51000 08:08 1123060                    /usr/lib/jvm/java-8-openjdk/jre/lib/amd64/server/libjvm.so
7ffb4175a000-7ffb41783000 rw-p 00ce4000 08:08 1123060                    /usr/lib/jvm/java-8-openjdk/jre/lib/amd64/server/libjvm.so
7ffb41783000-7ffb417b3000 rw-p 00000000 00:00 0 
7ffb417b3000-7ffb4194e000 r-xp 00000000 08:08 756801                     /usr/lib/libc-2.25.so
7ffb4194e000-7ffb41b4d000 ---p 0019b000 08:08 756801                     /usr/lib/libc-2.25.so
7ffb41b4d000-7ffb41b51000 r--p 0019a000 08:08 756801                     /usr/lib/libc-2.25.so
7ffb41b51000-7ffb41b53000 rw-p 0019e000 08:08 756801                     /usr/lib/libc-2.25.so
7ffb41b53000-7ffb41b57000 rw-p 00000000 00:00 0 
7ffb41b57000-7ffb41b5a000 r-xp 00000000 08:08 756897                     /usr/lib/libdl-2.25.so
7ffb41b5a000-7ffb41d59000 ---p 00003000 08:08 756897                     /usr/lib/libdl-2.25.so
7ffb41d59000-7ffb41d5a000 r--p 00002000 08:08 756897                     /usr/lib/libdl-2.25.so
7ffb41d5a000-7ffb41d5b000 rw-p 00003000 08:08 756897                     /usr/lib/libdl-2.25.so
7ffb41d5b000-7ffb41d68000 r-xp 00000000 08:08 1122357                    /usr/lib/jvm/java-8-openjdk/lib/amd64/jli/libjli.so
7ffb41d68000-7ffb41f67000 ---p 0000d000 08:08 1122357                    /usr/lib/jvm/java-8-openjdk/lib/amd64/jli/libjli.so
7ffb41f67000-7ffb41f68000 r--p 0000c000 08:08 1122357                    /usr/lib/jvm/java-8-openjdk/lib/amd64/jli/libjli.so
7ffb41f68000-7ffb41f69000 rw-p 0000d000 08:08 1122357                    /usr/lib/jvm/java-8-openjdk/lib/amd64/jli/libjli.so
7ffb41f69000-7ffb41f7f000 r-xp 00000000 08:08 942258                     /usr/lib/libz.so.1.2.11
7ffb41f7f000-7ffb4217e000 ---p 00016000 08:08 942258                     /usr/lib/libz.so.1.2.11
7ffb4217e000-7ffb4217f000 r--p 00015000 08:08 942258                     /usr/lib/libz.so.1.2.11
7ffb4217f000-7ffb42180000 rw-p 00016000 08:08 942258                     /usr/lib/libz.so.1.2.11
7ffb42180000-7ffb42199000 r-xp 00000000 08:08 757598                     /usr/lib/libpthread-2.25.so
7ffb42199000-7ffb42398000 ---p 00019000 08:08 757598                     /usr/lib/libpthread-2.25.so
7ffb42398000-7ffb42399000 r--p 00018000 08:08 757598                     /usr/lib/libpthread-2.25.so
7ffb42399000-7ffb4239a000 rw-p 00019000 08:08 757598                     /usr/lib/libpthread-2.25.so
7ffb4239a000-7ffb4239e000 rw-p 00000000 00:00 0 
7ffb4239e000-7ffb423c1000 r-xp 00000000 08:08 757766                     /usr/lib/ld-2.25.so
7ffb423c1000-7ffb423c2000 r--s 00001000 08:08 2015251                    /opt/maven/lib/jsr250-api-1.0.jar
7ffb423c2000-7ffb423c8000 r--s 0002d000 08:08 2015281                    /opt/maven/lib/org.eclipse.sisu.plexus-0.3.2.jar
7ffb423c8000-7ffb423cb000 r--s 00008000 08:08 2015268                    /opt/maven/lib/cdi-api-1.0.jar
7ffb423cb000-7ffb423fb000 rw-p 00000000 00:00 0 
7ffb423fb000-7ffb42476000 ---p 00000000 00:00 0 
7ffb42476000-7ffb42479000 ---p 00000000 00:00 0 
7ffb42479000-7ffb42579000 rw-p 00000000 00:00 0 
7ffb42579000-7ffb4257a000 r--s 00002000 08:08 2015286                    /opt/maven/lib/wagon-http-shared-2.10.jar
7ffb4257a000-7ffb4257f000 r--s 00041000 08:08 2015263                    /opt/maven/lib/commons-lang-2.6.jar
7ffb4257f000-7ffb42580000 r--s 00000000 08:08 2015278                    /opt/maven/lib/javax.inject-1.jar
7ffb42580000-7ffb42582000 r--s 0000b000 08:08 2015317                    /opt/maven/boot/plexus-classworlds-2.5.2.jar
7ffb42582000-7ffb425b4000 rw-p 00000000 00:00 0 
7ffb425b4000-7ffb425bc000 rw-s 00000000 00:25 208909                     /tmp/hsperfdata_facundo/9597
7ffb425bc000-7ffb425bd000 rw-p 00000000 00:00 0 
7ffb425bd000-7ffb425be000 ---p 00000000 00:00 0 
7ffb425be000-7ffb425c0000 rw-p 00000000 00:00 0 
7ffb425c0000-7ffb425c1000 r--p 00022000 08:08 757766                     /usr/lib/ld-2.25.so
7ffb425c1000-7ffb425c2000 rw-p 00023000 08:08 757766                     /usr/lib/ld-2.25.so
7ffb425c2000-7ffb425c3000 rw-p 00000000 00:00 0 
7fff40228000-7fff40249000 rw-p 00000000 00:00 0                          [stack]
7fff403ba000-7fff403bc000 r--p 00000000 00:00 0                          [vvar]
7fff403bc000-7fff403be000 r-xp 00000000 00:00 0                          [vdso]
ffffffffff600000-ffffffffff601000 r-xp 00000000 00:00 0                  [vsyscall]

VM Arguments:
jvm_args: -Xmx512m -Dclassworlds.conf=/opt/maven/bin/m2.conf -Dmaven.home=/opt/maven -Dmaven.multiModuleProjectDirectory=/home/facundo/Documentos/Trabajos/SeDiCi/Entornos/Workspaces/dspace7/dspace-spring-rest 
java_command: org.codehaus.plexus.classworlds.launcher.Launcher clean install
java_class_path (initial): /opt/maven/boot/plexus-classworlds-2.5.2.jar
Launcher Type: SUN_STANDARD

Environment Variables:
JAVA_HOME=/usr/lib/jvm/java-8-openjdk
PATH=/home/facundo/.nvm/versions/node/v6.10.0/bin:/home/facundo/Documentos/Trabajos/bash_scripting/bin:/usr/local/bin:/usr/bin:/bin:/usr/local/sbin:/usr/sbin:/sbin:/usr/share/java/apache-ant/bin:/usr/bin/vendor_perl:/usr/bin/core_perl:/home/facundo/.rvm/bin:/home/facundo/.rvm/bin
SHELL=/bin/bash
DISPLAY=:0

Signal Handlers:
SIGSEGV: [libjvm.so+0xa685a0], sa_mask[0]=11111111011111111101111111111110, sa_flags=SA_RESTART|SA_SIGINFO
SIGBUS: [libjvm.so+0xa685a0], sa_mask[0]=11111111011111111101111111111110, sa_flags=SA_RESTART|SA_SIGINFO
SIGFPE: [libjvm.so+0x8b2f30], sa_mask[0]=11111111011111111101111111111110, sa_flags=SA_RESTART|SA_SIGINFO
SIGPIPE: [libjvm.so+0x8b2f30], sa_mask[0]=11111111011111111101111111111110, sa_flags=SA_RESTART|SA_SIGINFO
SIGXFSZ: [libjvm.so+0x8b2f30], sa_mask[0]=11111111011111111101111111111110, sa_flags=SA_RESTART|SA_SIGINFO
SIGILL: [libjvm.so+0x8b2f30], sa_mask[0]=11111111011111111101111111111110, sa_flags=SA_RESTART|SA_SIGINFO
SIGUSR1: SIG_DFL, sa_mask[0]=00000000000000000000000000000000, sa_flags=none
SIGUSR2: [libjvm.so+0x8b2de0], sa_mask[0]=00000000000000000000000000000000, sa_flags=SA_RESTART|SA_SIGINFO
SIGHUP: [libjvm.so+0x8b3290], sa_mask[0]=11111111011111111101111111111110, sa_flags=SA_RESTART|SA_SIGINFO
SIGINT: [libjvm.so+0x8b3290], sa_mask[0]=11111111011111111101111111111110, sa_flags=SA_RESTART|SA_SIGINFO
SIGTERM: [libjvm.so+0x8b3290], sa_mask[0]=11111111011111111101111111111110, sa_flags=SA_RESTART|SA_SIGINFO
SIGQUIT: [libjvm.so+0x8b3290], sa_mask[0]=11111111011111111101111111111110, sa_flags=SA_RESTART|SA_SIGINFO


---------------  S Y S T E M  ---------------

OS:LSB_VERSION=1.4
DISTRIB_ID="Chakra"
DISTRIB_RELEASE="2017.02"
DISTRIB_CODENAME="Gdel"
DISTRIB_DESCRIPTION="Chakra"

uname:Linux 4.8.6-1-CHAKRA #1 SMP PREEMPT Sun Nov 6 14:17:46 GMT 2016 x86_64
libc:glibc 2.25 NPTL 2.25 
rlimit: STACK 8192k, CORE infinity, NPROC 47687, NOFILE 4096, AS infinity
load average:1,90 2,13 1,58

/proc/meminfo:
MemTotal:       12215932 kB
MemFree:          155084 kB
MemAvailable:    4190340 kB
Buffers:          329168 kB
Cached:          4200780 kB
SwapCached:            0 kB
Active:          8206196 kB
Inactive:        3431704 kB
Active(anon):    6587804 kB
Inactive(anon):   906688 kB
Active(file):    1618392 kB
Inactive(file):  2525016 kB
Unevictable:          32 kB
Mlocked:              32 kB
SwapTotal:       8562120 kB
SwapFree:        8562120 kB
Dirty:            194580 kB
Writeback:          4968 kB
AnonPages:       7031336 kB
Mapped:           641968 kB
Shmem:            386548 kB
Slab:             259492 kB
SReclaimable:     214492 kB
SUnreclaim:        45000 kB
KernelStack:       11280 kB
PageTables:        61552 kB
NFS_Unstable:          0 kB
Bounce:                0 kB
WritebackTmp:          0 kB
CommitLimit:    14670084 kB
Committed_AS:   11266892 kB
VmallocTotal:   34359738367 kB
VmallocUsed:           0 kB
VmallocChunk:          0 kB
HardwareCorrupted:     0 kB
AnonHugePages:   2007040 kB
ShmemHugePages:        0 kB
ShmemPmdMapped:        0 kB
HugePages_Total:       0
HugePages_Free:        0
HugePages_Rsvd:        0
HugePages_Surp:        0
Hugepagesize:       2048 kB
DirectMap4k:      108000 kB
DirectMap2M:    12384256 kB


CPU:total 4 (initial active 4) (2 cores per cpu, 2 threads per core) family 6 model 42 stepping 7, cmov, cx8, fxsr, mmx, sse, sse2, sse3, ssse3, sse4.1, sse4.2, popcnt, avx, clmul, ht, tsc, tscinvbit

/proc/cpuinfo:
processor	: 0
vendor_id	: GenuineIntel
cpu family	: 6
model		: 42
model name	: Intel(R) Core(TM) i3-2310M CPU @ 2.10GHz
stepping	: 7
microcode	: 0x29
cpu MHz		: 871.838
cache size	: 3072 KB
physical id	: 0
siblings	: 4
core id		: 0
cpu cores	: 2
apicid		: 0
initial apicid	: 0
fpu		: yes
fpu_exception	: yes
cpuid level	: 13
wp		: yes
flags		: fpu vme de pse tsc msr pae mce cx8 apic sep mtrr pge mca cmov pat pse36 clflush dts acpi mmx fxsr sse sse2 ss ht tm pbe syscall nx rdtscp lm constant_tsc arch_perfmon pebs bts rep_good nopl xtopology nonstop_tsc aperfmperf eagerfpu pni pclmulqdq dtes64 monitor ds_cpl vmx est tm2 ssse3 cx16 xtpr pdcm pcid sse4_1 sse4_2 x2apic popcnt tsc_deadline_timer xsave avx lahf_lm epb tpr_shadow vnmi flexpriority ept vpid xsaveopt dtherm arat pln pts
bugs		:
bogomips	: 4190.45
clflush size	: 64
cache_alignment	: 64
address sizes	: 36 bits physical, 48 bits virtual
power management:

processor	: 1
vendor_id	: GenuineIntel
cpu family	: 6
model		: 42
model name	: Intel(R) Core(TM) i3-2310M CPU @ 2.10GHz
stepping	: 7
microcode	: 0x29
cpu MHz		: 1022.570
cache size	: 3072 KB
physical id	: 0
siblings	: 4
core id		: 1
cpu cores	: 2
apicid		: 2
initial apicid	: 2
fpu		: yes
fpu_exception	: yes
cpuid level	: 13
wp		: yes
flags		: fpu vme de pse tsc msr pae mce cx8 apic sep mtrr pge mca cmov pat pse36 clflush dts acpi mmx fxsr sse sse2 ss ht tm pbe syscall nx rdtscp lm constant_tsc arch_perfmon pebs bts rep_good nopl xtopology nonstop_tsc aperfmperf eagerfpu pni pclmulqdq dtes64 monitor ds_cpl vmx est tm2 ssse3 cx16 xtpr pdcm pcid sse4_1 sse4_2 x2apic popcnt tsc_deadline_timer xsave avx lahf_lm epb tpr_shadow vnmi flexpriority ept vpid xsaveopt dtherm arat pln pts
bugs		:
bogomips	: 4194.18
clflush size	: 64
cache_alignment	: 64
address sizes	: 36 bits physical, 48 bits virtual
power management:

processor	: 2
vendor_id	: GenuineIntel
cpu family	: 6
model		: 42
model name	: Intel(R) Core(TM) i3-2310M CPU @ 2.10GHz
stepping	: 7
microcode	: 0x29
cpu MHz		: 923.107
cache size	: 3072 KB
physical id	: 0
siblings	: 4
core id		: 0
cpu cores	: 2
apicid		: 1
initial apicid	: 1
fpu		: yes
fpu_exception	: yes
cpuid level	: 13
wp		: yes
flags		: fpu vme de pse tsc msr pae mce cx8 apic sep mtrr pge mca cmov pat pse36 clflush dts acpi mmx fxsr sse sse2 ss ht tm pbe syscall nx rdtscp lm constant_tsc arch_perfmon pebs bts rep_good nopl xtopology nonstop_tsc aperfmperf eagerfpu pni pclmulqdq dtes64 monitor ds_cpl vmx est tm2 ssse3 cx16 xtpr pdcm pcid sse4_1 sse4_2 x2apic popcnt tsc_deadline_timer xsave avx lahf_lm epb tpr_shadow vnmi flexpriority ept vpid xsaveopt dtherm arat pln pts
bugs		:
bogomips	: 4196.31
clflush size	: 64
cache_alignment	: 64
address sizes	: 36 bits physical, 48 bits virtual
power management:

processor	: 3
vendor_id	: GenuineIntel
cpu family	: 6
model		: 42
model name	: Intel(R) Core(TM) i3-2310M CPU @ 2.10GHz
stepping	: 7
microcode	: 0x29
cpu MHz		: 941.821
cache size	: 3072 KB
physical id	: 0
siblings	: 4
core id		: 1
cpu cores	: 2
apicid		: 3
initial apicid	: 3
fpu		: yes
fpu_exception	: yes
cpuid level	: 13
wp		: yes
flags		: fpu vme de pse tsc msr pae mce cx8 apic sep mtrr pge mca cmov pat pse36 clflush dts acpi mmx fxsr sse sse2 ss ht tm pbe syscall nx rdtscp lm constant_tsc arch_perfmon pebs bts rep_good nopl xtopology nonstop_tsc aperfmperf eagerfpu pni pclmulqdq dtes64 monitor ds_cpl vmx est tm2 ssse3 cx16 xtpr pdcm pcid sse4_1 sse4_2 x2apic popcnt tsc_deadline_timer xsave avx lahf_lm epb tpr_shadow vnmi flexpriority ept vpid xsaveopt dtherm arat pln pts
bugs		:
bogomips	: 4194.83
clflush size	: 64
cache_alignment	: 64
address sizes	: 36 bits physical, 48 bits virtual
power management:



Memory: 4k page, physical 12215932k(155084k free), swap 8562120k(8562120k free)

vm_info: OpenJDK 64-Bit Server VM (25.144-b01) for linux-amd64 JRE (1.8.0_144-b01), built on Jul 29 2017 02:59:58 by "s8321414" with gcc 6.3.1 20170306

time: Mon Oct 30 22:56:15 2017
elapsed time: 22 seconds (0d 0h 0m 22s)

